[ 2026-03-31 19:51:27,777 ] 161 numexpr.utils - INFO - NumExpr defaulting to 12 threads.
[ 2026-03-31 19:51:39,540 ] 1025 httpx - INFO - HTTP Request: GET https://dagshub.com/api/v1/user "HTTP/1.1 200 OK"
[ 2026-03-31 19:51:40,059 ] 107 dagshub - INFO - Accessing as Itisingh3
[ 2026-03-31 19:51:43,682 ] 1025 httpx - INFO - HTTP Request: GET https://dagshub.com/api/v1/repos/Itisingh3/NETWORK-SECURITY "HTTP/1.1 200 OK"
[ 2026-03-31 19:51:46,888 ] 1025 httpx - INFO - HTTP Request: GET https://dagshub.com/api/v1/user "HTTP/1.1 200 OK"
[ 2026-03-31 19:51:47,475 ] 107 dagshub - INFO - Initialized MLflow to track repo "Itisingh3/NETWORK-SECURITY"
[ 2026-03-31 19:51:47,480 ] 107 dagshub - INFO - Repository Itisingh3/NETWORK-SECURITY initialized!
[ 2026-03-31 19:51:56,967 ] 36 root - INFO - Start data Ingestion
[ 2026-03-31 19:52:14,009 ] 62 root - INFO - Performed train test split on the dataframe
[ 2026-03-31 19:52:14,009 ] 64 root - INFO - Exited split_data_as_train_test method of Data_Ingestion class
[ 2026-03-31 19:52:14,011 ] 72 root - INFO - Exporting train and test file path.
[ 2026-03-31 19:52:14,131 ] 81 root - INFO - Exported train and test file path.
[ 2026-03-31 19:52:14,132 ] 39 root - INFO - Data Ingestion completed and artifact: DataIngestionArtifact(trained_file_path='Artifacts\\03_31_2026_19_51_28\\data_ingestion\\ingested\\train.csv', test_file_path='Artifacts\\03_31_2026_19_51_28\\data_ingestion\\ingested\\test.csv')
[ 2026-03-31 19:52:14,148 ] 48 root - INFO - Initiate the data Validation
[ 2026-03-31 19:52:14,258 ] 32 root - INFO - Required number of columns:2
[ 2026-03-31 19:52:14,258 ] 33 root - INFO - Data frame has columns:31
[ 2026-03-31 19:52:14,258 ] 32 root - INFO - Required number of columns:2
[ 2026-03-31 19:52:14,258 ] 33 root - INFO - Data frame has columns:31
[ 2026-03-31 19:52:14,471 ] 61 root - INFO - Entered initiate_data_transformation method of DataTransformation class
[ 2026-03-31 19:52:14,471 ] 63 root - INFO - Starting data transformation
[ 2026-03-31 19:52:14,507 ] 46 root - INFO - Entered get_data_trnasformer_object method of Trnasformation class
[ 2026-03-31 19:52:14,507 ] 51 root - INFO - Initialise KNNImputer with {'missing_values': nan, 'n_neighbors': 3, 'weights': 'uniform'}
[ 2026-03-31 19:52:14,531 ] 46 root - INFO - Entered the save_object method of MainUtils class
[ 2026-03-31 19:52:14,537 ] 50 root - INFO - Exited the save_object method of MainUtils class
[ 2026-03-31 19:52:14,537 ] 46 root - INFO - Entered the save_object method of MainUtils class
[ 2026-03-31 19:52:14,545 ] 50 root - INFO - Exited the save_object method of MainUtils class
[ 2026-03-31 20:02:34,836 ] 868 urllib3.connectionpool - WARNING - Retrying (Retry(total=6, connect=7, read=6, redirect=7, status=7)) after connection broken by 'ConnectionResetError(10054, 'An existing connection was forcibly closed by the remote host', None, 10054, None)': /Itisingh3/NETWORK-SECURITY.mlflow/api/2.0/mlflow/metrics/get-history?run_uuid=8f6037d5ea12412893495379e2e31664&metric_key=f1_score&run_id=8f6037d5ea12412893495379e2e31664&max_results=25000
[ 2026-03-31 20:02:39,547 ] 868 urllib3.connectionpool - WARNING - Retrying (Retry(total=5, connect=6, read=6, redirect=7, status=7)) after connection broken by 'NameResolutionError("<urllib3.connection.HTTPSConnection object at 0x0000020785AA8E10>: Failed to resolve 'dagshub.com' ([Errno 11001] getaddrinfo failed)")': /Itisingh3/NETWORK-SECURITY.mlflow/api/2.0/mlflow/metrics/get-history?run_uuid=8f6037d5ea12412893495379e2e31664&metric_key=f1_score&run_id=8f6037d5ea12412893495379e2e31664&max_results=25000
[ 2026-03-31 20:03:35,200 ] 46 root - INFO - Entered the save_object method of MainUtils class
[ 2026-03-31 20:03:35,204 ] 50 root - INFO - Exited the save_object method of MainUtils class
[ 2026-03-31 20:03:35,204 ] 46 root - INFO - Entered the save_object method of MainUtils class
[ 2026-03-31 20:03:35,252 ] 50 root - INFO - Exited the save_object method of MainUtils class
[ 2026-03-31 20:03:35,254 ] 128 root - INFO - Model trainer artifact: ModelTrainerArtifact(trained_model_file_path='Artifacts\\03_31_2026_19_51_28\\model_trainer\\trained_model\\model.pkl', train_metric_artifact=ClassificationMetricArtifact(f1_score=0.9916456970306996, precision_score=0.9897528631705846, recall_score=0.9935457845905608), test_metric_artifact=ClassificationMetricArtifact(f1_score=0.972682119205298, precision_score=0.9654889071487264, recall_score=0.9799833194328608))
